<?xml version="1.0" encoding="UTF-8"?>
<testsuite name="com.shop.app.server.service.shoppingcontext.retail.OrderMainTestCase" tests="6" skipped="0" failures="0" errors="0" timestamp="2016-05-30T08:00:15" hostname="ca7bfcc7a5ae" time="1.754">
  <properties/>
  <testcase name="test1Save" classname="com.shop.app.server.service.shoppingcontext.retail.OrderMainTestCase" time="0.397"/>
  <testcase name="test2Update" classname="com.shop.app.server.service.shoppingcontext.retail.OrderMainTestCase" time="0.1"/>
  <testcase name="test3FindById" classname="com.shop.app.server.service.shoppingcontext.retail.OrderMainTestCase" time="0.009"/>
  <testcase name="test3findByuserID" classname="com.shop.app.server.service.shoppingcontext.retail.OrderMainTestCase" time="0.009"/>
  <testcase name="test5NegativeTesting" classname="com.shop.app.server.service.shoppingcontext.retail.OrderMainTestCase" time="0.012"/>
  <testcase name="test6Delete" classname="com.shop.app.server.service.shoppingcontext.retail.OrderMainTestCase" time="1.227"/>
  <system-out><![CDATA[Mon May 30 08:00:15 UTC 2016|Log Manager Factory|Initialization Process started.....
Mon May 30 08:00:15 UTC 2016|Log Manager|Initialized with Path = [/home/applifire/workspace/klickakart/src/main/webapp/WEB-INF/conf]
Mon May 30 08:00:15 UTC 2016|Alarm Manager|Initialized with Path = [/home/applifire/workspace/klickakart/src/main/webapp/WEB-INF/conf]
Mon May 30 08:00:15 UTC 2016|Alarm Manager|Loading Alarms ......
Mon May 30 08:00:15 UTC 2016|Alarm XML Parser|FWA|XML Parsing Complete........ 
Mon May 30 08:00:15 UTC 2016|Alarm File Manager|FWA|Alarm File Status.. [ApplicationFrameworkAlarms.xml]|Version=15|Status=Done 
Mon May 30 08:00:15 UTC 2016|Alarm File Manager|FWA|Alarm Stats = ( BC/AL=4/564 SYS=4/10 [564/0]  TPL=0/0 [0/0]  APP= A.Map=[645]  E.Map EC/RC=[237/66] )
Mon May 30 08:00:15 UTC 2016|Alarm XML Parser|APP|XML Parsing Complete........ 
Mon May 30 08:00:15 UTC 2016|Alarm File Manager|APP|Alarm File Status.. [ApplicationAlarms.xml]|Version=1|Status=Done 
Mon May 30 08:00:15 UTC 2016|Alarm File Manager|APP|Alarm Stats = ( BC/AL=5/648 SYS=4/10 [564/0]  TPL=0/0 [0/0]  APP=1/1 [84/0]  A.Map=[729]  E.Map EC/RC=[289/78] )
Mon May 30 08:00:15 UTC 2016|ApplicationAlarmContext| <><><><><> Create App Alarms ....  <><><><><> 
Mon May 30 08:00:15 UTC 2016|ApplicationAlarmContext|Alarms are generated ONLY in Development Mode.. 
Mon May 30 08:00:15 UTC 2016|Alarm Manager|APP|Alarm Stats = ( BC/AL=5/648 SYS=4/10 [564/0]  TPL=0/0 [0/0]  APP=1/1 [84/0]  A.Map=[729]  E.Map EC/RC=[289/78] )
Mon May 30 08:00:15 UTC 2016|Alarm Manager|Initialized Exception Lookup...
Mon May 30 08:00:15 UTC 2016|Log Manager|Initialize Log Config File ......
Mon May 30 08:00:15 UTC 2016|Pluggable Connectors|Adding Connectors : StandardOutputConnector isEnabled=true isDefault=false isFallBack=true
Mon May 30 08:00:15 UTC 2016|Pluggable Connectors|Adding Connectors : StandardFileConnector isEnabled=true isDefault=false isFallBack=false
Mon May 30 08:00:15 UTC 2016|Pluggable Connectors|Adding Connectors : Sprinkler isEnabled=true isDefault=true isFallBack=false
Mon May 30 08:00:15 UTC 2016|Pluggable Connectors|Default Connector Name : com.spartan.logger.core.LogMessenger
Mon May 30 08:00:15 UTC 2016|Log Config Parser|Connector Least Log Level =[4]  FallBack Log Level =[3]
Mon May 30 08:00:15 UTC 2016|Log Manager|Loading Default Connector for Logging ......
Mon May 30 08:00:15 UTC 2016|Log Manager|Loading class .. com.spartan.logger.core.LogMessenger
Mon May 30 08:00:15 UTC 2016|Plugggable Connector|Connector class com.spartan.logger.core.LogMessenger Initialized... @ Log Level = 3
Mon May 30 08:00:15 UTC 2016|Log Manager|Starting the Default Connector [com.spartan.logger.core.LogMessenger@1ee22840] ....
Mon May 30 08:00:15 UTC 2016|Scheduler|Starting the Scheduler ......
Mon May 30 08:00:15 UTC 2016|Scheduler|Adding [LMID=[38997cfc-9414-4290-8f90-256e7ae169e6]] Delay=5 Time Unit=MINUTES
Mon May 30 08:00:15 UTC 2016|Scheduler|Adding [App Alarm Manager File=[ApplicationAlarms.xml]] Delay=30 Time Unit=MINUTES
Mon May 30 08:00:15 UTC 2016|Scheduler|Adding [FW Alarm Manager File=[ApplicationFrameworkAlarms.xml]] Delay=3 Time Unit=MINUTES
Mon May 30 08:00:15 UTC 2016|Scheduler|Startup Completed..
Mon May 30 08:00:15 UTC 2016|Log Manager|Initialization Process Complete ......
Mon May 30 08:00:15 UTC 2016|Log Manager Factory|Log Manager READY! ID = 38997cfc-9414-4290-8f90-256e7ae169e6
[EL Fine]: sql: 2016-05-30 08:00:15.714--ClientSession(438905536)--Connection(867983565)--Thread(Thread[Test worker,5,main])--INSERT INTO ast_UserAccessDomain_M (userAccessDomainId, domainDescription, domainHelp, domainIcon, domainName, userAccessDomain, versionId, createdBy, createdDate, updatedBy, updatedDate, activeStatus, txnAccessCode) VALUES (?, ?, ?, ?, ?, ?, ?, ?, ?, ?, ?, ?, ?)
	bind => [A5558843-3DC7-4CBB-A5A5-E61BD7380004, 2eXRI9Ux7UfyidGCGRkkqT65ye7SQrdbQtdD8txVjTCfNBbITj, N2Hg8xVaZI5zen3PvFiburkJ7Ujdi7RaBe1wSX1dzrLFHi8G17, 9GfGWL6wdGNylSVfzaJjDbqFiwCpkUjtdm162OIODkimTBEK6p, VApUCjSNfb8K6GL7TbAfIGuOMA0MjpekWz7VPEe1UdUFQ1zuzP, 21060, 1, AAAAA, 2016-05-30 08:00:15.71, AAAAA, 2016-05-30 08:00:15.71, 1, 51000]
[EL Fine]: sql: 2016-05-30 08:00:15.759--ClientSession(1170875672)--Connection(867983565)--Thread(Thread[Test worker,5,main])--INSERT INTO ast_UserAccessLevel_M (userAccessLevelId, levelDescription, levelHelp, levelIcon, levelName, userAccessLevel, versionId, createdBy, createdDate, updatedBy, updatedDate, activeStatus, txnAccessCode) VALUES (?, ?, ?, ?, ?, ?, ?, ?, ?, ?, ?, ?, ?)
	bind => [E6FE3054-FC17-4B24-B46A-06F66CD38B5F, GSG1hfeIpPBsUkNErAYyFTrBWk8Y6dqdTBASmrGSJFRfY2cmUN, 04tCGTJwfd3EOTRCX3YHgQF1zYSut2CGVchPIiM8QC2GRKjOTP, AHE446gfd7sGvb6xjYR6L2n3Rias9JP4h68EWLyOpyItnYCUDu, sijoGJdaPiNxf2h89WHKtAV5JFqq60UbilDoYnhXMSU4uZCfh8, 59377, 1, AAAAA, 2016-05-30 08:00:15.756, AAAAA, 2016-05-30 08:00:15.756, 1, 51000]
[EL Fine]: sql: 2016-05-30 08:00:15.804--ClientSession(1782064373)--Connection(867983565)--Thread(Thread[Test worker,5,main])--INSERT INTO ast_Question_M (questionId, levelid, question, questionDetails, questionIcon, versionId, createdBy, createdDate, updatedBy, updatedDate, activeStatus, txnAccessCode) VALUES (?, ?, ?, ?, ?, ?, ?, ?, ?, ?, ?, ?)
	bind => [ED5BC42B-B22D-4D77-ACC6-AAFC363A0610, 5, nLXVE7sA5TPA9x6Wk7t3FOVwaDHebZf7WnjOzMNJM0sNe5JMkh, U69L7M7oif, mgXYXrNq96owDf5NagLrZ2KxnvbTEemrD1mG9vA5JBb8UWA2YM, 1, AAAAA, 2016-05-30 08:00:15.8, AAAAA, 2016-05-30 08:00:15.8, 1, 51000]
[EL Fine]: sql: 2016-05-30 08:00:15.851--ClientSession(1756929323)--Connection(867983565)--Thread(Thread[Test worker,5,main])--INSERT INTO ast_User_T (userId, allowMultipleLogin, changePasswordNextLogin, genTempOneTimePassword, isDeleted, isLocked, lastPasswordChangeDate, multiFactorAuthEnabled, passwordAlgo, passwordExpiryDate, sessionTimeout, userAccessCode, userAccessDomainId, userAccessLevelId, versionId, createdBy, createdDate, updatedBy, updatedDate, activeStatus, txnAccessCode) VALUES (?, ?, ?, ?, ?, ?, ?, ?, ?, ?, ?, ?, ?, ?, ?, ?, ?, ?, ?, ?, ?)
	bind => [87796071-3065-4524-B42C-ADC2C587B696, 1, 1, 1, 1, 1, 2016-05-29 08:19:06.455, 1, 5s4JAWDYvUjAPpgQ4Izh3mqZ3lDfuV2lLxAysk1x7B3qYajKEy, 2016-05-29 08:19:06.455, 3572, 42877, A5558843-3DC7-4CBB-A5A5-E61BD7380004, E6FE3054-FC17-4B24-B46A-06F66CD38B5F, 1, AAAAA, 2016-05-30 08:00:15.71, AAAAA, 2016-05-30 08:00:15.71, 1, 51000]
[EL Fine]: sql: 2016-05-30 08:00:15.852--ClientSession(1756929323)--Connection(867983565)--Thread(Thread[Test worker,5,main])--INSERT INTO ast_PassRecovery_TP (passRecoveryId, answer, questionId, versionId, createdBy, createdDate, updatedBy, updatedDate, activeStatus, txnAccessCode, userId) VALUES (?, ?, ?, ?, ?, ?, ?, ?, ?, ?, ?)
	bind => [E533D358-0421-4954-99BB-6F6EEA8C25B6, tJIUJ0hPbTbqOPUTgbPSGUhD1epEpXPNGKTIF0jRL60yLeN9mP, ED5BC42B-B22D-4D77-ACC6-AAFC363A0610, 1, AAAAA, 2016-05-30 08:00:15.8, AAAAA, 2016-05-30 08:00:15.8, 1, 51000, 87796071-3065-4524-B42C-ADC2C587B696]
[EL Fine]: sql: 2016-05-30 08:00:15.853--ClientSession(1756929323)--Connection(867983565)--Thread(Thread[Test worker,5,main])--INSERT INTO ast_UserData_TP (userDataId, last5Passwords, oneTimePassword, oneTimePasswordExpiry, oneTimePasswordGenDate, password, versionId, createdBy, createdDate, updatedBy, updatedDate, activeStatus, txnAccessCode, userId) VALUES (?, ?, ?, ?, ?, ?, ?, ?, ?, ?, ?, ?, ?, ?)
	bind => [BEE23D43-DC15-4886-A827-85BE6C6CC5CF, 0HnEd2oPtdOCsjzWeZBLm5wer4WEwzeFcC0Xgk0vFruJAmgS8o, S7vIWdPWpvylfSLMDnx2TexvFmxfYGNf, 11, 2016-05-29 08:19:06.644, miXaPTypDAOqGpO0YtNMJyAzc6OOSlbSFgPs4yAJs0dzHxM5mr, 1, AAAAA, 2016-05-30 08:00:15.845, AAAAA, 2016-05-30 08:00:15.845, 1, 51000, 87796071-3065-4524-B42C-ADC2C587B696]
[EL Fine]: sql: 2016-05-30 08:00:15.903--ClientSession(1597070728)--Connection(867983565)--Thread(Thread[Test worker,5,main])--INSERT INTO ast_Product_M (productId, productDesc, versionId, createdBy, createdDate, updatedBy, updatedDate, activeStatus, txnAccessCode) VALUES (?, ?, ?, ?, ?, ?, ?, ?, ?)
	bind => [082452DA-75EE-4B50-9C35-4FE93B72D365, I97Dwa8btCukjNzmOF66M8JwIMdMiaDzFd1zADapzJvvYPJskf, 1, AAAAA, 2016-05-30 08:00:15.901, AAAAA, 2016-05-30 08:00:15.901, 1, 51000]
[EL Fine]: sql: 2016-05-30 08:00:15.95--ClientSession(1025882456)--Connection(867983565)--Thread(Thread[Test worker,5,main])--INSERT INTO ast_Item_M (itemId, itemImg, itemName, itemPrice, itemStock, productId, versionId, createdBy, createdDate, updatedBy, updatedDate, activeStatus, txnAccessCode) VALUES (?, ?, ?, ?, ?, ?, ?, ?, ?, ?, ?, ?, ?)
	bind => [FE6D3BB1-4D11-4FB2-9BF5-D2FDC462F065, LxWMcPSCn8eMxkaoHL9TdU9MlwGM7WnlksVSpNX1k91rgFu0W4, A4Ij0lHyNYOcEaQtAUuJBVn6rU659d1Efvfnc3SLsmPijOB9zl, 1265.45, 826730108, 082452DA-75EE-4B50-9C35-4FE93B72D365, 1, AAAAA, 2016-05-30 08:00:15.901, AAAAA, 2016-05-30 08:00:15.901, 1, 51000]
Setting logged in user info for ADD
Setting logged in user info for ADD
[EL Fine]: sql: 2016-05-30 08:00:15.993--ClientSession(1696677206)--Connection(867983565)--Thread(Thread[Test worker,5,main])--INSERT INTO ast_OrderMain_T (orderId, grandTotal, orderDate, userID, versionId, createdBy, createdDate, updatedBy, updatedDate, activeStatus, txnAccessCode) VALUES (?, ?, ?, ?, ?, ?, ?, ?, ?, ?, ?)
	bind => [638E753D-3FD6-4AFA-A251-DB4FEB5AAF27, -4300.0, 2016-05-29 08:19:06.705, 87796071-3065-4524-B42C-ADC2C587B696, 1, AAAAA, 2016-05-30 08:00:15.901, AAAAA, 2016-05-30 08:00:15.901, 1, 51000]
[EL Fine]: sql: 2016-05-30 08:00:15.995--ClientSession(1696677206)--Connection(867983565)--Thread(Thread[Test worker,5,main])--INSERT INTO ast_OrderDetail_TP (detId, itemId, qty, subTotal, versionId, createdBy, createdDate, updatedBy, updatedDate, activeStatus, txnAccessCode, orderId) VALUES (?, ?, ?, ?, ?, ?, ?, ?, ?, ?, ?, ?)
	bind => [5E1F0F64-BB35-4841-93E2-605C4DAE50B3, FE6D3BB1-4D11-4FB2-9BF5-D2FDC462F065, 2147483647, 2368.0, 1, AAAAA, 2016-05-30 08:00:15.901, AAAAA, 2016-05-30 08:00:15.901, 1, 51000, 638E753D-3FD6-4AFA-A251-DB4FEB5AAF27]
[EL Fine]: sql: 2016-05-30 08:00:16.091--ClientSession(1283751835)--Connection(867983565)--Thread(Thread[Test worker,5,main])--SELECT orderId, grandTotal, orderDate, userID, versionId, createdBy, createdDate, updatedBy, updatedDate, activeStatus, txnAccessCode FROM ast_OrderMain_T WHERE ((activeStatus = ?) AND (orderId = ?))
	bind => [1, 638E753D-3FD6-4AFA-A251-DB4FEB5AAF27]
[EL Fine]: sql: 2016-05-30 08:00:16.093--ClientSession(1283751835)--Connection(867983565)--Thread(Thread[Test worker,5,main])--SELECT detId, itemId, qty, subTotal, versionId, createdBy, createdDate, updatedBy, updatedDate, activeStatus, txnAccessCode, orderId FROM ast_OrderDetail_TP WHERE (orderId = ?)
	bind => [638E753D-3FD6-4AFA-A251-DB4FEB5AAF27]
Setting logged in user info for UPDATE
Setting logged in user info for UPDATE
[EL Fine]: sql: 2016-05-30 08:00:16.101--ClientSession(1245159703)--Connection(867983565)--Thread(Thread[Test worker,5,main])--SELECT orderId, grandTotal, orderDate, userID, versionId, createdBy, createdDate, updatedBy, updatedDate, activeStatus, txnAccessCode FROM ast_OrderMain_T WHERE (orderId = ?)
	bind => [638E753D-3FD6-4AFA-A251-DB4FEB5AAF27]
[EL Fine]: sql: 2016-05-30 08:00:16.102--ClientSession(1245159703)--Connection(867983565)--Thread(Thread[Test worker,5,main])--SELECT detId, itemId, qty, subTotal, versionId, createdBy, createdDate, updatedBy, updatedDate, activeStatus, txnAccessCode, orderId FROM ast_OrderDetail_TP WHERE (orderId = ?)
	bind => [638E753D-3FD6-4AFA-A251-DB4FEB5AAF27]
[EL Fine]: sql: 2016-05-30 08:00:16.105--ClientSession(1245159703)--Connection(867983565)--Thread(Thread[Test worker,5,main])--UPDATE ast_OrderMain_T SET grandTotal = ?, orderDate = ?, versionId = ? WHERE ((orderId = ?) AND (versionId = ?))
	bind => [-7390.0, 2016-05-29 08:19:06.871, 2, 638E753D-3FD6-4AFA-A251-DB4FEB5AAF27, 1]
[EL Fine]: sql: 2016-05-30 08:00:16.186--ClientSession(133380125)--Connection(867983565)--Thread(Thread[Test worker,5,main])--SELECT orderId, grandTotal, orderDate, userID, versionId, createdBy, createdDate, updatedBy, updatedDate, activeStatus, txnAccessCode FROM ast_OrderMain_T WHERE ((activeStatus = ?) AND (orderId = ?))
	bind => [1, 638E753D-3FD6-4AFA-A251-DB4FEB5AAF27]
[EL Fine]: sql: 2016-05-30 08:00:16.187--ClientSession(133380125)--Connection(867983565)--Thread(Thread[Test worker,5,main])--SELECT detId, itemId, qty, subTotal, versionId, createdBy, createdDate, updatedBy, updatedDate, activeStatus, txnAccessCode, orderId FROM ast_OrderDetail_TP WHERE (orderId = ?)
	bind => [638E753D-3FD6-4AFA-A251-DB4FEB5AAF27]
[EL Fine]: sql: 2016-05-30 08:00:16.195--ClientSession(465367238)--Connection(867983565)--Thread(Thread[Test worker,5,main])--SELECT orderId, grandTotal, orderDate, userID, versionId, createdBy, createdDate, updatedBy, updatedDate, activeStatus, txnAccessCode FROM ast_OrderMain_T WHERE ((activeStatus = ?) AND (userID = ?))
	bind => [1, 87796071-3065-4524-B42C-ADC2C587B696]
[EL Fine]: sql: 2016-05-30 08:00:16.196--ClientSession(465367238)--Connection(867983565)--Thread(Thread[Test worker,5,main])--SELECT detId, itemId, qty, subTotal, versionId, createdBy, createdDate, updatedBy, updatedDate, activeStatus, txnAccessCode, orderId FROM ast_OrderDetail_TP WHERE (orderId = ?)
	bind => [638E753D-3FD6-4AFA-A251-DB4FEB5AAF27]
[EL Fine]: sql: 2016-05-30 08:00:16.216--ClientSession(279551142)--Connection(867983565)--Thread(Thread[Test worker,5,main])--SELECT orderId, grandTotal, orderDate, userID, versionId, createdBy, createdDate, updatedBy, updatedDate, activeStatus, txnAccessCode FROM ast_OrderMain_T WHERE (orderId = ?)
	bind => [638E753D-3FD6-4AFA-A251-DB4FEB5AAF27]
[EL Fine]: sql: 2016-05-30 08:00:16.217--ClientSession(279551142)--Connection(867983565)--Thread(Thread[Test worker,5,main])--SELECT detId, itemId, qty, subTotal, versionId, createdBy, createdDate, updatedBy, updatedDate, activeStatus, txnAccessCode, orderId FROM ast_OrderDetail_TP WHERE (orderId = ?)
	bind => [638E753D-3FD6-4AFA-A251-DB4FEB5AAF27]
[EL Fine]: sql: 2016-05-30 08:00:16.219--ClientSession(279551142)--Connection(867983565)--Thread(Thread[Test worker,5,main])--DELETE FROM ast_OrderDetail_TP WHERE ((detId = ?) AND (versionId = ?))
	bind => [5E1F0F64-BB35-4841-93E2-605C4DAE50B3, 1]
[EL Fine]: sql: 2016-05-30 08:00:16.22--ClientSession(279551142)--Connection(867983565)--Thread(Thread[Test worker,5,main])--DELETE FROM ast_OrderMain_T WHERE ((orderId = ?) AND (versionId = ?))
	bind => [638E753D-3FD6-4AFA-A251-DB4FEB5AAF27, 2]
[EL Fine]: sql: 2016-05-30 08:00:16.49--ClientSession(1628101842)--Connection(867983565)--Thread(Thread[Test worker,5,main])--SELECT itemId, itemImg, itemName, itemPrice, itemStock, productId, versionId, createdBy, createdDate, updatedBy, updatedDate, activeStatus, txnAccessCode FROM ast_Item_M WHERE (itemId = ?)
	bind => [FE6D3BB1-4D11-4FB2-9BF5-D2FDC462F065]
[EL Fine]: sql: 2016-05-30 08:00:16.492--ClientSession(1628101842)--Connection(867983565)--Thread(Thread[Test worker,5,main])--DELETE FROM ast_Item_M WHERE ((itemId = ?) AND (versionId = ?))
	bind => [FE6D3BB1-4D11-4FB2-9BF5-D2FDC462F065, 1]
[EL Fine]: sql: 2016-05-30 08:00:16.602--ClientSession(817546788)--Connection(867983565)--Thread(Thread[Test worker,5,main])--SELECT productId, productDesc, versionId, createdBy, createdDate, updatedBy, updatedDate, activeStatus, txnAccessCode FROM ast_Product_M WHERE (productId = ?)
	bind => [082452DA-75EE-4B50-9C35-4FE93B72D365]
[EL Fine]: sql: 2016-05-30 08:00:16.604--ClientSession(817546788)--Connection(867983565)--Thread(Thread[Test worker,5,main])--DELETE FROM ast_Product_M WHERE ((productId = ?) AND (versionId = ?))
	bind => [082452DA-75EE-4B50-9C35-4FE93B72D365, 1]
[EL Fine]: sql: 2016-05-30 08:00:16.738--ClientSession(1258495824)--Connection(867983565)--Thread(Thread[Test worker,5,main])--SELECT userId, allowMultipleLogin, changePasswordNextLogin, genTempOneTimePassword, isDeleted, isLocked, lastPasswordChangeDate, multiFactorAuthEnabled, passwordAlgo, passwordExpiryDate, sessionTimeout, userAccessCode, userAccessDomainId, userAccessLevelId, versionId, createdBy, createdDate, updatedBy, updatedDate, activeStatus, txnAccessCode FROM ast_User_T WHERE (userId = ?)
	bind => [87796071-3065-4524-B42C-ADC2C587B696]
[EL Fine]: sql: 2016-05-30 08:00:16.739--ClientSession(1258495824)--Connection(867983565)--Thread(Thread[Test worker,5,main])--SELECT userDataId, last5Passwords, oneTimePassword, oneTimePasswordExpiry, oneTimePasswordGenDate, password, versionId, createdBy, createdDate, updatedBy, updatedDate, activeStatus, txnAccessCode, userId FROM ast_UserData_TP WHERE (userId = ?)
	bind => [87796071-3065-4524-B42C-ADC2C587B696]
[EL Fine]: sql: 2016-05-30 08:00:16.741--ClientSession(1258495824)--Connection(867983565)--Thread(Thread[Test worker,5,main])--SELECT passRecoveryId, answer, questionId, versionId, createdBy, createdDate, updatedBy, updatedDate, activeStatus, txnAccessCode, userId FROM ast_PassRecovery_TP WHERE (userId = ?)
	bind => [87796071-3065-4524-B42C-ADC2C587B696]
[EL Fine]: sql: 2016-05-30 08:00:16.743--ClientSession(1258495824)--Connection(867983565)--Thread(Thread[Test worker,5,main])--DELETE FROM ast_UserData_TP WHERE ((userDataId = ?) AND (versionId = ?))
	bind => [BEE23D43-DC15-4886-A827-85BE6C6CC5CF, 1]
[EL Fine]: sql: 2016-05-30 08:00:16.744--ClientSession(1258495824)--Connection(867983565)--Thread(Thread[Test worker,5,main])--DELETE FROM ast_PassRecovery_TP WHERE ((passRecoveryId = ?) AND (versionId = ?))
	bind => [E533D358-0421-4954-99BB-6F6EEA8C25B6, 1]
[EL Fine]: sql: 2016-05-30 08:00:16.745--ClientSession(1258495824)--Connection(867983565)--Thread(Thread[Test worker,5,main])--DELETE FROM ast_User_T WHERE ((userId = ?) AND (versionId = ?))
	bind => [87796071-3065-4524-B42C-ADC2C587B696, 1]
[EL Fine]: sql: 2016-05-30 08:00:17.07--ClientSession(1770171358)--Connection(867983565)--Thread(Thread[Test worker,5,main])--SELECT questionId, levelid, question, questionDetails, questionIcon, versionId, createdBy, createdDate, updatedBy, updatedDate, activeStatus, txnAccessCode FROM ast_Question_M WHERE (questionId = ?)
	bind => [ED5BC42B-B22D-4D77-ACC6-AAFC363A0610]
[EL Fine]: sql: 2016-05-30 08:00:17.072--ClientSession(1770171358)--Connection(867983565)--Thread(Thread[Test worker,5,main])--DELETE FROM ast_Question_M WHERE ((questionId = ?) AND (versionId = ?))
	bind => [ED5BC42B-B22D-4D77-ACC6-AAFC363A0610, 1]
[EL Fine]: sql: 2016-05-30 08:00:17.202--ClientSession(773072638)--Connection(867983565)--Thread(Thread[Test worker,5,main])--SELECT userAccessLevelId, levelDescription, levelHelp, levelIcon, levelName, userAccessLevel, versionId, createdBy, createdDate, updatedBy, updatedDate, activeStatus, txnAccessCode FROM ast_UserAccessLevel_M WHERE (userAccessLevelId = ?)
	bind => [E6FE3054-FC17-4B24-B46A-06F66CD38B5F]
[EL Fine]: sql: 2016-05-30 08:00:17.204--ClientSession(773072638)--Connection(867983565)--Thread(Thread[Test worker,5,main])--DELETE FROM ast_UserAccessLevel_M WHERE ((userAccessLevelId = ?) AND (versionId = ?))
	bind => [E6FE3054-FC17-4B24-B46A-06F66CD38B5F, 1]
[EL Fine]: sql: 2016-05-30 08:00:17.315--ClientSession(1239883400)--Connection(867983565)--Thread(Thread[Test worker,5,main])--SELECT userAccessDomainId, domainDescription, domainHelp, domainIcon, domainName, userAccessDomain, versionId, createdBy, createdDate, updatedBy, updatedDate, activeStatus, txnAccessCode FROM ast_UserAccessDomain_M WHERE (userAccessDomainId = ?)
	bind => [A5558843-3DC7-4CBB-A5A5-E61BD7380004]
[EL Fine]: sql: 2016-05-30 08:00:17.316--ClientSession(1239883400)--Connection(867983565)--Thread(Thread[Test worker,5,main])--DELETE FROM ast_UserAccessDomain_M WHERE ((userAccessDomainId = ?) AND (versionId = ?))
	bind => [A5558843-3DC7-4CBB-A5A5-E61BD7380004, 1]
]]></system-out>
  <system-err><![CDATA[OrderMain.orderDate may not be null
java.lang.SecurityException: OrderMain.orderDate may not be null
	at com.athena.server.pluggable.utils.helper.EntityValidatorHelper.validateEntity(EntityValidatorHelper.java:37)
	at com.shop.app.shared.shoppingcontext.retail.OrderMain.isValid(OrderMain.java:245)
	at com.shop.app.server.service.shoppingcontext.retail.OrderMainTestCase.validateOrderMain(OrderMainTestCase.java:334)
	at com.shop.app.server.service.shoppingcontext.retail.OrderMainTestCase.test5NegativeTesting(OrderMainTestCase.java:366)
	at sun.reflect.NativeMethodAccessorImpl.invoke0(Native Method)
	at sun.reflect.NativeMethodAccessorImpl.invoke(NativeMethodAccessorImpl.java:57)
	at sun.reflect.DelegatingMethodAccessorImpl.invoke(DelegatingMethodAccessorImpl.java:43)
	at java.lang.reflect.Method.invoke(Method.java:606)
	at org.junit.runners.model.FrameworkMethod$1.runReflectiveCall(FrameworkMethod.java:47)
	at org.junit.internal.runners.model.ReflectiveCallable.run(ReflectiveCallable.java:12)
	at org.junit.runners.model.FrameworkMethod.invokeExplosively(FrameworkMethod.java:44)
	at org.junit.internal.runners.statements.InvokeMethod.evaluate(InvokeMethod.java:17)
	at org.junit.internal.runners.statements.RunBefores.evaluate(RunBefores.java:26)
	at org.springframework.test.context.junit4.statements.RunBeforeTestMethodCallbacks.evaluate(RunBeforeTestMethodCallbacks.java:74)
	at org.junit.internal.runners.statements.RunAfters.evaluate(RunAfters.java:27)
	at org.springframework.test.context.junit4.statements.RunAfterTestMethodCallbacks.evaluate(RunAfterTestMethodCallbacks.java:83)
	at org.springframework.test.context.junit4.statements.SpringRepeat.evaluate(SpringRepeat.java:72)
	at org.springframework.test.context.junit4.SpringJUnit4ClassRunner.runChild(SpringJUnit4ClassRunner.java:233)
	at org.springframework.test.context.junit4.SpringJUnit4ClassRunner.runChild(SpringJUnit4ClassRunner.java:87)
	at org.junit.runners.ParentRunner$3.run(ParentRunner.java:238)
	at org.junit.runners.ParentRunner$1.schedule(ParentRunner.java:63)
	at org.junit.runners.ParentRunner.runChildren(ParentRunner.java:236)
	at org.junit.runners.ParentRunner.access$000(ParentRunner.java:53)
	at org.junit.runners.ParentRunner$2.evaluate(ParentRunner.java:229)
	at org.junit.internal.runners.statements.RunBefores.evaluate(RunBefores.java:26)
	at org.springframework.test.context.junit4.statements.RunBeforeTestClassCallbacks.evaluate(RunBeforeTestClassCallbacks.java:61)
	at org.springframework.test.context.junit4.statements.RunAfterTestClassCallbacks.evaluate(RunAfterTestClassCallbacks.java:71)
	at org.junit.runners.ParentRunner.run(ParentRunner.java:309)
	at org.springframework.test.context.junit4.SpringJUnit4ClassRunner.run(SpringJUnit4ClassRunner.java:176)
	at org.gradle.api.internal.tasks.testing.junit.JUnitTestClassExecuter.runTestClass(JUnitTestClassExecuter.java:86)
	at org.gradle.api.internal.tasks.testing.junit.JUnitTestClassExecuter.execute(JUnitTestClassExecuter.java:49)
	at org.gradle.api.internal.tasks.testing.junit.JUnitTestClassProcessor.processTestClass(JUnitTestClassProcessor.java:64)
	at org.gradle.api.internal.tasks.testing.SuiteTestClassProcessor.processTestClass(SuiteTestClassProcessor.java:50)
	at sun.reflect.NativeMethodAccessorImpl.invoke0(Native Method)
	at sun.reflect.NativeMethodAccessorImpl.invoke(NativeMethodAccessorImpl.java:57)
	at sun.reflect.DelegatingMethodAccessorImpl.invoke(DelegatingMethodAccessorImpl.java:43)
	at java.lang.reflect.Method.invoke(Method.java:606)
	at org.gradle.messaging.dispatch.ReflectionDispatch.dispatch(ReflectionDispatch.java:35)
	at org.gradle.messaging.dispatch.ReflectionDispatch.dispatch(ReflectionDispatch.java:24)
	at org.gradle.messaging.dispatch.ContextClassLoaderDispatch.dispatch(ContextClassLoaderDispatch.java:32)
	at org.gradle.messaging.dispatch.ProxyDispatchAdapter$DispatchingInvocationHandler.invoke(ProxyDispatchAdapter.java:93)
	at com.sun.proxy.$Proxy2.processTestClass(Unknown Source)
	at org.gradle.api.internal.tasks.testing.worker.TestWorker.processTestClass(TestWorker.java:106)
	at sun.reflect.NativeMethodAccessorImpl.invoke0(Native Method)
	at sun.reflect.NativeMethodAccessorImpl.invoke(NativeMethodAccessorImpl.java:57)
	at sun.reflect.DelegatingMethodAccessorImpl.invoke(DelegatingMethodAccessorImpl.java:43)
	at java.lang.reflect.Method.invoke(Method.java:606)
	at org.gradle.messaging.dispatch.ReflectionDispatch.dispatch(ReflectionDispatch.java:35)
	at org.gradle.messaging.dispatch.ReflectionDispatch.dispatch(ReflectionDispatch.java:24)
	at org.gradle.messaging.remote.internal.hub.MessageHub$Handler.run(MessageHub.java:360)
	at org.gradle.internal.concurrent.DefaultExecutorFactory$StoppableExecutorImpl$1.run(DefaultExecutorFactory.java:64)
	at java.util.concurrent.ThreadPoolExecutor.runWorker(ThreadPoolExecutor.java:1145)
	at java.util.concurrent.ThreadPoolExecutor$Worker.run(ThreadPoolExecutor.java:615)
	at java.lang.Thread.run(Thread.java:745)
OrderMain.grandTotal may not be null
java.lang.SecurityException: OrderMain.grandTotal may not be null
	at com.athena.server.pluggable.utils.helper.EntityValidatorHelper.validateEntity(EntityValidatorHelper.java:37)
	at com.shop.app.shared.shoppingcontext.retail.OrderMain.isValid(OrderMain.java:245)
	at com.shop.app.server.service.shoppingcontext.retail.OrderMainTestCase.validateOrderMain(OrderMainTestCase.java:334)
	at com.shop.app.server.service.shoppingcontext.retail.OrderMainTestCase.test5NegativeTesting(OrderMainTestCase.java:372)
	at sun.reflect.NativeMethodAccessorImpl.invoke0(Native Method)
	at sun.reflect.NativeMethodAccessorImpl.invoke(NativeMethodAccessorImpl.java:57)
	at sun.reflect.DelegatingMethodAccessorImpl.invoke(DelegatingMethodAccessorImpl.java:43)
	at java.lang.reflect.Method.invoke(Method.java:606)
	at org.junit.runners.model.FrameworkMethod$1.runReflectiveCall(FrameworkMethod.java:47)
	at org.junit.internal.runners.model.ReflectiveCallable.run(ReflectiveCallable.java:12)
	at org.junit.runners.model.FrameworkMethod.invokeExplosively(FrameworkMethod.java:44)
	at org.junit.internal.runners.statements.InvokeMethod.evaluate(InvokeMethod.java:17)
	at org.junit.internal.runners.statements.RunBefores.evaluate(RunBefores.java:26)
	at org.springframework.test.context.junit4.statements.RunBeforeTestMethodCallbacks.evaluate(RunBeforeTestMethodCallbacks.java:74)
	at org.junit.internal.runners.statements.RunAfters.evaluate(RunAfters.java:27)
	at org.springframework.test.context.junit4.statements.RunAfterTestMethodCallbacks.evaluate(RunAfterTestMethodCallbacks.java:83)
	at org.springframework.test.context.junit4.statements.SpringRepeat.evaluate(SpringRepeat.java:72)
	at org.springframework.test.context.junit4.SpringJUnit4ClassRunner.runChild(SpringJUnit4ClassRunner.java:233)
	at org.springframework.test.context.junit4.SpringJUnit4ClassRunner.runChild(SpringJUnit4ClassRunner.java:87)
	at org.junit.runners.ParentRunner$3.run(ParentRunner.java:238)
	at org.junit.runners.ParentRunner$1.schedule(ParentRunner.java:63)
	at org.junit.runners.ParentRunner.runChildren(ParentRunner.java:236)
	at org.junit.runners.ParentRunner.access$000(ParentRunner.java:53)
	at org.junit.runners.ParentRunner$2.evaluate(ParentRunner.java:229)
	at org.junit.internal.runners.statements.RunBefores.evaluate(RunBefores.java:26)
	at org.springframework.test.context.junit4.statements.RunBeforeTestClassCallbacks.evaluate(RunBeforeTestClassCallbacks.java:61)
	at org.springframework.test.context.junit4.statements.RunAfterTestClassCallbacks.evaluate(RunAfterTestClassCallbacks.java:71)
	at org.junit.runners.ParentRunner.run(ParentRunner.java:309)
	at org.springframework.test.context.junit4.SpringJUnit4ClassRunner.run(SpringJUnit4ClassRunner.java:176)
	at org.gradle.api.internal.tasks.testing.junit.JUnitTestClassExecuter.runTestClass(JUnitTestClassExecuter.java:86)
	at org.gradle.api.internal.tasks.testing.junit.JUnitTestClassExecuter.execute(JUnitTestClassExecuter.java:49)
	at org.gradle.api.internal.tasks.testing.junit.JUnitTestClassProcessor.processTestClass(JUnitTestClassProcessor.java:64)
	at org.gradle.api.internal.tasks.testing.SuiteTestClassProcessor.processTestClass(SuiteTestClassProcessor.java:50)
	at sun.reflect.NativeMethodAccessorImpl.invoke0(Native Method)
	at sun.reflect.NativeMethodAccessorImpl.invoke(NativeMethodAccessorImpl.java:57)
	at sun.reflect.DelegatingMethodAccessorImpl.invoke(DelegatingMethodAccessorImpl.java:43)
	at java.lang.reflect.Method.invoke(Method.java:606)
	at org.gradle.messaging.dispatch.ReflectionDispatch.dispatch(ReflectionDispatch.java:35)
	at org.gradle.messaging.dispatch.ReflectionDispatch.dispatch(ReflectionDispatch.java:24)
	at org.gradle.messaging.dispatch.ContextClassLoaderDispatch.dispatch(ContextClassLoaderDispatch.java:32)
	at org.gradle.messaging.dispatch.ProxyDispatchAdapter$DispatchingInvocationHandler.invoke(ProxyDispatchAdapter.java:93)
	at com.sun.proxy.$Proxy2.processTestClass(Unknown Source)
	at org.gradle.api.internal.tasks.testing.worker.TestWorker.processTestClass(TestWorker.java:106)
	at sun.reflect.NativeMethodAccessorImpl.invoke0(Native Method)
	at sun.reflect.NativeMethodAccessorImpl.invoke(NativeMethodAccessorImpl.java:57)
	at sun.reflect.DelegatingMethodAccessorImpl.invoke(DelegatingMethodAccessorImpl.java:43)
	at java.lang.reflect.Method.invoke(Method.java:606)
	at org.gradle.messaging.dispatch.ReflectionDispatch.dispatch(ReflectionDispatch.java:35)
	at org.gradle.messaging.dispatch.ReflectionDispatch.dispatch(ReflectionDispatch.java:24)
	at org.gradle.messaging.remote.internal.hub.MessageHub$Handler.run(MessageHub.java:360)
	at org.gradle.internal.concurrent.DefaultExecutorFactory$StoppableExecutorImpl$1.run(DefaultExecutorFactory.java:64)
	at java.util.concurrent.ThreadPoolExecutor.runWorker(ThreadPoolExecutor.java:1145)
	at java.util.concurrent.ThreadPoolExecutor$Worker.run(ThreadPoolExecutor.java:615)
	at java.lang.Thread.run(Thread.java:745)
OrderMain.grandTotal must be less than or equal to 9223372000000000000
java.lang.SecurityException: OrderMain.grandTotal must be less than or equal to 9223372000000000000
	at com.athena.server.pluggable.utils.helper.EntityValidatorHelper.validateEntity(EntityValidatorHelper.java:37)
	at com.shop.app.shared.shoppingcontext.retail.OrderMain.isValid(OrderMain.java:245)
	at com.shop.app.server.service.shoppingcontext.retail.OrderMainTestCase.validateOrderMain(OrderMainTestCase.java:332)
	at com.shop.app.server.service.shoppingcontext.retail.OrderMainTestCase.test5NegativeTesting(OrderMainTestCase.java:377)
	at sun.reflect.NativeMethodAccessorImpl.invoke0(Native Method)
	at sun.reflect.NativeMethodAccessorImpl.invoke(NativeMethodAccessorImpl.java:57)
	at sun.reflect.DelegatingMethodAccessorImpl.invoke(DelegatingMethodAccessorImpl.java:43)
	at java.lang.reflect.Method.invoke(Method.java:606)
	at org.junit.runners.model.FrameworkMethod$1.runReflectiveCall(FrameworkMethod.java:47)
	at org.junit.internal.runners.model.ReflectiveCallable.run(ReflectiveCallable.java:12)
	at org.junit.runners.model.FrameworkMethod.invokeExplosively(FrameworkMethod.java:44)
	at org.junit.internal.runners.statements.InvokeMethod.evaluate(InvokeMethod.java:17)
	at org.junit.internal.runners.statements.RunBefores.evaluate(RunBefores.java:26)
	at org.springframework.test.context.junit4.statements.RunBeforeTestMethodCallbacks.evaluate(RunBeforeTestMethodCallbacks.java:74)
	at org.junit.internal.runners.statements.RunAfters.evaluate(RunAfters.java:27)
	at org.springframework.test.context.junit4.statements.RunAfterTestMethodCallbacks.evaluate(RunAfterTestMethodCallbacks.java:83)
	at org.springframework.test.context.junit4.statements.SpringRepeat.evaluate(SpringRepeat.java:72)
	at org.springframework.test.context.junit4.SpringJUnit4ClassRunner.runChild(SpringJUnit4ClassRunner.java:233)
	at org.springframework.test.context.junit4.SpringJUnit4ClassRunner.runChild(SpringJUnit4ClassRunner.java:87)
	at org.junit.runners.ParentRunner$3.run(ParentRunner.java:238)
	at org.junit.runners.ParentRunner$1.schedule(ParentRunner.java:63)
	at org.junit.runners.ParentRunner.runChildren(ParentRunner.java:236)
	at org.junit.runners.ParentRunner.access$000(ParentRunner.java:53)
	at org.junit.runners.ParentRunner$2.evaluate(ParentRunner.java:229)
	at org.junit.internal.runners.statements.RunBefores.evaluate(RunBefores.java:26)
	at org.springframework.test.context.junit4.statements.RunBeforeTestClassCallbacks.evaluate(RunBeforeTestClassCallbacks.java:61)
	at org.springframework.test.context.junit4.statements.RunAfterTestClassCallbacks.evaluate(RunAfterTestClassCallbacks.java:71)
	at org.junit.runners.ParentRunner.run(ParentRunner.java:309)
	at org.springframework.test.context.junit4.SpringJUnit4ClassRunner.run(SpringJUnit4ClassRunner.java:176)
	at org.gradle.api.internal.tasks.testing.junit.JUnitTestClassExecuter.runTestClass(JUnitTestClassExecuter.java:86)
	at org.gradle.api.internal.tasks.testing.junit.JUnitTestClassExecuter.execute(JUnitTestClassExecuter.java:49)
	at org.gradle.api.internal.tasks.testing.junit.JUnitTestClassProcessor.processTestClass(JUnitTestClassProcessor.java:64)
	at org.gradle.api.internal.tasks.testing.SuiteTestClassProcessor.processTestClass(SuiteTestClassProcessor.java:50)
	at sun.reflect.NativeMethodAccessorImpl.invoke0(Native Method)
	at sun.reflect.NativeMethodAccessorImpl.invoke(NativeMethodAccessorImpl.java:57)
	at sun.reflect.DelegatingMethodAccessorImpl.invoke(DelegatingMethodAccessorImpl.java:43)
	at java.lang.reflect.Method.invoke(Method.java:606)
	at org.gradle.messaging.dispatch.ReflectionDispatch.dispatch(ReflectionDispatch.java:35)
	at org.gradle.messaging.dispatch.ReflectionDispatch.dispatch(ReflectionDispatch.java:24)
	at org.gradle.messaging.dispatch.ContextClassLoaderDispatch.dispatch(ContextClassLoaderDispatch.java:32)
	at org.gradle.messaging.dispatch.ProxyDispatchAdapter$DispatchingInvocationHandler.invoke(ProxyDispatchAdapter.java:93)
	at com.sun.proxy.$Proxy2.processTestClass(Unknown Source)
	at org.gradle.api.internal.tasks.testing.worker.TestWorker.processTestClass(TestWorker.java:106)
	at sun.reflect.NativeMethodAccessorImpl.invoke0(Native Method)
	at sun.reflect.NativeMethodAccessorImpl.invoke(NativeMethodAccessorImpl.java:57)
	at sun.reflect.DelegatingMethodAccessorImpl.invoke(DelegatingMethodAccessorImpl.java:43)
	at java.lang.reflect.Method.invoke(Method.java:606)
	at org.gradle.messaging.dispatch.ReflectionDispatch.dispatch(ReflectionDispatch.java:35)
	at org.gradle.messaging.dispatch.ReflectionDispatch.dispatch(ReflectionDispatch.java:24)
	at org.gradle.messaging.remote.internal.hub.MessageHub$Handler.run(MessageHub.java:360)
	at org.gradle.internal.concurrent.DefaultExecutorFactory$StoppableExecutorImpl$1.run(DefaultExecutorFactory.java:64)
	at java.util.concurrent.ThreadPoolExecutor.runWorker(ThreadPoolExecutor.java:1145)
	at java.util.concurrent.ThreadPoolExecutor$Worker.run(ThreadPoolExecutor.java:615)
	at java.lang.Thread.run(Thread.java:745)
]]></system-err>
</testsuite>
