<?xml version="1.0" encoding="UTF-8"?>
<testsuite name="com.shop.app.server.service.organization.contactmanagement.CommunicationTypeTestCase" tests="5" skipped="0" failures="0" errors="0" timestamp="2016-05-30T15:59:39" hostname="7d6391b444da" time="0.452">
  <properties/>
  <testcase name="test1Save" classname="com.shop.app.server.service.organization.contactmanagement.CommunicationTypeTestCase" time="0.152"/>
  <testcase name="test2Update" classname="com.shop.app.server.service.organization.contactmanagement.CommunicationTypeTestCase" time="0.055"/>
  <testcase name="test3FindById" classname="com.shop.app.server.service.organization.contactmanagement.CommunicationTypeTestCase" time="0.008"/>
  <testcase name="test5NegativeTesting" classname="com.shop.app.server.service.organization.contactmanagement.CommunicationTypeTestCase" time="0.017"/>
  <testcase name="test6Delete" classname="com.shop.app.server.service.organization.contactmanagement.CommunicationTypeTestCase" time="0.219"/>
  <system-out><![CDATA[Mon May 30 15:59:39 UTC 2016|Log Manager Factory|Initialization Process started.....
Mon May 30 15:59:39 UTC 2016|Log Manager|Initialized with Path = [/home/applifire/workspace/klickakart/src/main/webapp/WEB-INF/conf]
Mon May 30 15:59:39 UTC 2016|Alarm Manager|Initialized with Path = [/home/applifire/workspace/klickakart/src/main/webapp/WEB-INF/conf]
Mon May 30 15:59:39 UTC 2016|Alarm Manager|Loading Alarms ......
Mon May 30 15:59:39 UTC 2016|Alarm XML Parser|FWA|XML Parsing Complete........ 
Mon May 30 15:59:39 UTC 2016|Alarm File Manager|FWA|Alarm File Status.. [ApplicationFrameworkAlarms.xml]|Version=15|Status=Done 
Mon May 30 15:59:39 UTC 2016|Alarm File Manager|FWA|Alarm Stats = ( BC/AL=4/564 SYS=4/10 [564/0]  TPL=0/0 [0/0]  APP= A.Map=[645]  E.Map EC/RC=[237/66] )
Mon May 30 15:59:39 UTC 2016|Alarm XML Parser|APP|XML Parsing Complete........ 
Mon May 30 15:59:39 UTC 2016|Alarm File Manager|APP|Alarm File Status.. [ApplicationAlarms.xml]|Version=1|Status=Done 
Mon May 30 15:59:39 UTC 2016|Alarm File Manager|APP|Alarm Stats = ( BC/AL=5/648 SYS=4/10 [564/0]  TPL=0/0 [0/0]  APP=1/1 [84/0]  A.Map=[729]  E.Map EC/RC=[289/78] )
Mon May 30 15:59:39 UTC 2016|ApplicationAlarmContext| <><><><><> Create App Alarms ....  <><><><><> 
Mon May 30 15:59:39 UTC 2016|ApplicationAlarmContext|Alarms are generated ONLY in Development Mode.. 
Mon May 30 15:59:39 UTC 2016|Alarm Manager|APP|Alarm Stats = ( BC/AL=5/648 SYS=4/10 [564/0]  TPL=0/0 [0/0]  APP=1/1 [84/0]  A.Map=[729]  E.Map EC/RC=[289/78] )
Mon May 30 15:59:39 UTC 2016|Alarm Manager|Initialized Exception Lookup...
Mon May 30 15:59:39 UTC 2016|Log Manager|Initialize Log Config File ......
Mon May 30 15:59:39 UTC 2016|Pluggable Connectors|Adding Connectors : StandardOutputConnector isEnabled=true isDefault=false isFallBack=true
Mon May 30 15:59:39 UTC 2016|Pluggable Connectors|Adding Connectors : StandardFileConnector isEnabled=true isDefault=false isFallBack=false
Mon May 30 15:59:39 UTC 2016|Pluggable Connectors|Adding Connectors : Sprinkler isEnabled=true isDefault=true isFallBack=false
Mon May 30 15:59:39 UTC 2016|Pluggable Connectors|Default Connector Name : com.spartan.logger.core.LogMessenger
Mon May 30 15:59:39 UTC 2016|Log Config Parser|Connector Least Log Level =[4]  FallBack Log Level =[3]
Mon May 30 15:59:39 UTC 2016|Log Manager|Loading Default Connector for Logging ......
Mon May 30 15:59:39 UTC 2016|Log Manager|Loading class .. com.spartan.logger.core.LogMessenger
Mon May 30 15:59:39 UTC 2016|Plugggable Connector|Connector class com.spartan.logger.core.LogMessenger Initialized... @ Log Level = 3
Mon May 30 15:59:39 UTC 2016|Log Manager|Starting the Default Connector [com.spartan.logger.core.LogMessenger@2ca52213] ....
Mon May 30 15:59:39 UTC 2016|Scheduler|Starting the Scheduler ......
Mon May 30 15:59:39 UTC 2016|Scheduler|Adding [LMID=[f5459b1b-8311-4caf-b6f8-d0ed61511a9a]] Delay=5 Time Unit=MINUTES
Mon May 30 15:59:39 UTC 2016|Scheduler|Adding [App Alarm Manager File=[ApplicationAlarms.xml]] Delay=30 Time Unit=MINUTES
Mon May 30 15:59:39 UTC 2016|Scheduler|Adding [FW Alarm Manager File=[ApplicationFrameworkAlarms.xml]] Delay=3 Time Unit=MINUTES
Mon May 30 15:59:39 UTC 2016|Scheduler|Startup Completed..
Mon May 30 15:59:39 UTC 2016|Log Manager|Initialization Process Complete ......
Mon May 30 15:59:39 UTC 2016|Log Manager Factory|Log Manager READY! ID = f5459b1b-8311-4caf-b6f8-d0ed61511a9a
[EL Fine]: sql: 2016-05-30 15:59:39.613--ClientSession(1595586887)--Connection(168153172)--Thread(Thread[Test worker,5,main])--INSERT INTO ast_CommunicationGroup_M (commGroupId, commGroupDescription, commGroupName, versionId, createdBy, createdDate, updatedBy, updatedDate, activeStatus, txnAccessCode) VALUES (?, ?, ?, ?, ?, ?, ?, ?, ?, ?)
	bind => [3F2CF10F-20C7-40FB-B849-4E030F3B397F, uYnLS8DpFqjAP1mQYFiZPr02eyIJypYeJvCQtCI8PzU06wbMtb, M3P7ms9LqU8TNicRkGGvtab4jo2A7fPEmkevBB11Mk9bM7LKQw, 1, AAAAA, 2016-05-30 15:59:39.609, AAAAA, 2016-05-30 15:59:39.609, 1, 51000]
Setting logged in user info for ADD
[EL Fine]: sql: 2016-05-30 15:59:39.699--ClientSession(353779411)--Connection(168153172)--Thread(Thread[Test worker,5,main])--INSERT INTO ast_CommunicationType_M (commType, commGroupId, commTypeDescription, commTypeName, versionId, createdBy, createdDate, updatedBy, updatedDate, activeStatus, txnAccessCode) VALUES (?, ?, ?, ?, ?, ?, ?, ?, ?, ?, ?)
	bind => [07FB749F-FD64-4176-BC69-DF54D342419C, 3F2CF10F-20C7-40FB-B849-4E030F3B397F, CdRQQanoGuchdDiHNPKTE40u2FutDz0W0UpshbQuLWLG1Yoon4, hR0yyCCKIKmSfNFOyAKL5q8eVAg5EGbo1y7wSspyn8Iyj2mE7h, 1, AAAAA, 2016-05-30 15:59:39.695, AAAAA, 2016-05-30 15:59:39.695, 1, 51000]
[EL Fine]: sql: 2016-05-30 15:59:39.747--ClientSession(198101979)--Connection(168153172)--Thread(Thread[Test worker,5,main])--SELECT commType, commGroupId, commTypeDescription, commTypeName, versionId, createdBy, createdDate, updatedBy, updatedDate, activeStatus, txnAccessCode FROM ast_CommunicationType_M WHERE ((activeStatus = ?) AND (commType = ?))
	bind => [1, 07FB749F-FD64-4176-BC69-DF54D342419C]
Setting logged in user info for UPDATE
[EL Fine]: sql: 2016-05-30 15:59:39.753--ClientSession(416864207)--Connection(168153172)--Thread(Thread[Test worker,5,main])--SELECT commType, commGroupId, commTypeDescription, commTypeName, versionId, createdBy, createdDate, updatedBy, updatedDate, activeStatus, txnAccessCode FROM ast_CommunicationType_M WHERE (commType = ?)
	bind => [07FB749F-FD64-4176-BC69-DF54D342419C]
[EL Fine]: sql: 2016-05-30 15:59:39.755--ClientSession(416864207)--Connection(168153172)--Thread(Thread[Test worker,5,main])--UPDATE ast_CommunicationType_M SET commTypeDescription = ?, commTypeName = ?, versionId = ? WHERE ((commType = ?) AND (versionId = ?))
	bind => [2ktUnn9oeKziosvEqpmhqHRZTaQOqKzvL1sMSro3RVQhYAFcZN, WVEveTp3btpGs3eXlnTFOsQakfZ2p5J4MUFL9BOJWK99J7pTmo, 2, 07FB749F-FD64-4176-BC69-DF54D342419C, 1]
[EL Fine]: sql: 2016-05-30 15:59:39.802--ClientSession(623303497)--Connection(168153172)--Thread(Thread[Test worker,5,main])--SELECT commType, commGroupId, commTypeDescription, commTypeName, versionId, createdBy, createdDate, updatedBy, updatedDate, activeStatus, txnAccessCode FROM ast_CommunicationType_M WHERE ((activeStatus = ?) AND (commType = ?))
	bind => [1, 07FB749F-FD64-4176-BC69-DF54D342419C]
[EL Fine]: sql: 2016-05-30 15:59:39.828--ClientSession(1608456868)--Connection(168153172)--Thread(Thread[Test worker,5,main])--SELECT commType, commGroupId, commTypeDescription, commTypeName, versionId, createdBy, createdDate, updatedBy, updatedDate, activeStatus, txnAccessCode FROM ast_CommunicationType_M WHERE (commType = ?)
	bind => [07FB749F-FD64-4176-BC69-DF54D342419C]
[EL Fine]: sql: 2016-05-30 15:59:39.83--ClientSession(1608456868)--Connection(168153172)--Thread(Thread[Test worker,5,main])--DELETE FROM ast_CommunicationType_M WHERE ((commType = ?) AND (versionId = ?))
	bind => [07FB749F-FD64-4176-BC69-DF54D342419C, 2]
[EL Fine]: sql: 2016-05-30 15:59:39.918--ClientSession(9330563)--Connection(168153172)--Thread(Thread[Test worker,5,main])--SELECT commGroupId, commGroupDescription, commGroupName, versionId, createdBy, createdDate, updatedBy, updatedDate, activeStatus, txnAccessCode FROM ast_CommunicationGroup_M WHERE (commGroupId = ?)
	bind => [3F2CF10F-20C7-40FB-B849-4E030F3B397F]
[EL Fine]: sql: 2016-05-30 15:59:39.92--ClientSession(9330563)--Connection(168153172)--Thread(Thread[Test worker,5,main])--DELETE FROM ast_CommunicationGroup_M WHERE ((commGroupId = ?) AND (versionId = ?))
	bind => [3F2CF10F-20C7-40FB-B849-4E030F3B397F, 1]
]]></system-out>
  <system-err><![CDATA[CommunicationType.commTypeName may not be null
java.lang.SecurityException: CommunicationType.commTypeName may not be null
	at com.athena.server.pluggable.utils.helper.EntityValidatorHelper.validateEntity(EntityValidatorHelper.java:37)
	at com.shop.app.shared.organization.contactmanagement.CommunicationType.isValid(CommunicationType.java:162)
	at com.shop.app.server.service.organization.contactmanagement.CommunicationTypeTestCase.validateCommunicationType(CommunicationTypeTestCase.java:195)
	at com.shop.app.server.service.organization.contactmanagement.CommunicationTypeTestCase.test5NegativeTesting(CommunicationTypeTestCase.java:227)
	at sun.reflect.NativeMethodAccessorImpl.invoke0(Native Method)
	at sun.reflect.NativeMethodAccessorImpl.invoke(NativeMethodAccessorImpl.java:57)
	at sun.reflect.DelegatingMethodAccessorImpl.invoke(DelegatingMethodAccessorImpl.java:43)
	at java.lang.reflect.Method.invoke(Method.java:606)
	at org.junit.runners.model.FrameworkMethod$1.runReflectiveCall(FrameworkMethod.java:47)
	at org.junit.internal.runners.model.ReflectiveCallable.run(ReflectiveCallable.java:12)
	at org.junit.runners.model.FrameworkMethod.invokeExplosively(FrameworkMethod.java:44)
	at org.junit.internal.runners.statements.InvokeMethod.evaluate(InvokeMethod.java:17)
	at org.junit.internal.runners.statements.RunBefores.evaluate(RunBefores.java:26)
	at org.springframework.test.context.junit4.statements.RunBeforeTestMethodCallbacks.evaluate(RunBeforeTestMethodCallbacks.java:74)
	at org.junit.internal.runners.statements.RunAfters.evaluate(RunAfters.java:27)
	at org.springframework.test.context.junit4.statements.RunAfterTestMethodCallbacks.evaluate(RunAfterTestMethodCallbacks.java:83)
	at org.springframework.test.context.junit4.statements.SpringRepeat.evaluate(SpringRepeat.java:72)
	at org.springframework.test.context.junit4.SpringJUnit4ClassRunner.runChild(SpringJUnit4ClassRunner.java:233)
	at org.springframework.test.context.junit4.SpringJUnit4ClassRunner.runChild(SpringJUnit4ClassRunner.java:87)
	at org.junit.runners.ParentRunner$3.run(ParentRunner.java:238)
	at org.junit.runners.ParentRunner$1.schedule(ParentRunner.java:63)
	at org.junit.runners.ParentRunner.runChildren(ParentRunner.java:236)
	at org.junit.runners.ParentRunner.access$000(ParentRunner.java:53)
	at org.junit.runners.ParentRunner$2.evaluate(ParentRunner.java:229)
	at org.junit.internal.runners.statements.RunBefores.evaluate(RunBefores.java:26)
	at org.springframework.test.context.junit4.statements.RunBeforeTestClassCallbacks.evaluate(RunBeforeTestClassCallbacks.java:61)
	at org.springframework.test.context.junit4.statements.RunAfterTestClassCallbacks.evaluate(RunAfterTestClassCallbacks.java:71)
	at org.junit.runners.ParentRunner.run(ParentRunner.java:309)
	at org.springframework.test.context.junit4.SpringJUnit4ClassRunner.run(SpringJUnit4ClassRunner.java:176)
	at org.gradle.api.internal.tasks.testing.junit.JUnitTestClassExecuter.runTestClass(JUnitTestClassExecuter.java:86)
	at org.gradle.api.internal.tasks.testing.junit.JUnitTestClassExecuter.execute(JUnitTestClassExecuter.java:49)
	at org.gradle.api.internal.tasks.testing.junit.JUnitTestClassProcessor.processTestClass(JUnitTestClassProcessor.java:64)
	at org.gradle.api.internal.tasks.testing.SuiteTestClassProcessor.processTestClass(SuiteTestClassProcessor.java:50)
	at sun.reflect.NativeMethodAccessorImpl.invoke0(Native Method)
	at sun.reflect.NativeMethodAccessorImpl.invoke(NativeMethodAccessorImpl.java:57)
	at sun.reflect.DelegatingMethodAccessorImpl.invoke(DelegatingMethodAccessorImpl.java:43)
	at java.lang.reflect.Method.invoke(Method.java:606)
	at org.gradle.messaging.dispatch.ReflectionDispatch.dispatch(ReflectionDispatch.java:35)
	at org.gradle.messaging.dispatch.ReflectionDispatch.dispatch(ReflectionDispatch.java:24)
	at org.gradle.messaging.dispatch.ContextClassLoaderDispatch.dispatch(ContextClassLoaderDispatch.java:32)
	at org.gradle.messaging.dispatch.ProxyDispatchAdapter$DispatchingInvocationHandler.invoke(ProxyDispatchAdapter.java:93)
	at com.sun.proxy.$Proxy2.processTestClass(Unknown Source)
	at org.gradle.api.internal.tasks.testing.worker.TestWorker.processTestClass(TestWorker.java:106)
	at sun.reflect.NativeMethodAccessorImpl.invoke0(Native Method)
	at sun.reflect.NativeMethodAccessorImpl.invoke(NativeMethodAccessorImpl.java:57)
	at sun.reflect.DelegatingMethodAccessorImpl.invoke(DelegatingMethodAccessorImpl.java:43)
	at java.lang.reflect.Method.invoke(Method.java:606)
	at org.gradle.messaging.dispatch.ReflectionDispatch.dispatch(ReflectionDispatch.java:35)
	at org.gradle.messaging.dispatch.ReflectionDispatch.dispatch(ReflectionDispatch.java:24)
	at org.gradle.messaging.remote.internal.hub.MessageHub$Handler.run(MessageHub.java:360)
	at org.gradle.internal.concurrent.DefaultExecutorFactory$StoppableExecutorImpl$1.run(DefaultExecutorFactory.java:64)
	at java.util.concurrent.ThreadPoolExecutor.runWorker(ThreadPoolExecutor.java:1145)
	at java.util.concurrent.ThreadPoolExecutor$Worker.run(ThreadPoolExecutor.java:615)
	at java.lang.Thread.run(Thread.java:745)
CommunicationType.commTypeName size must be between 0 and 128
java.lang.SecurityException: CommunicationType.commTypeName size must be between 0 and 128
	at com.athena.server.pluggable.utils.helper.EntityValidatorHelper.validateEntity(EntityValidatorHelper.java:37)
	at com.shop.app.shared.organization.contactmanagement.CommunicationType.isValid(CommunicationType.java:162)
	at com.shop.app.server.service.organization.contactmanagement.CommunicationTypeTestCase.validateCommunicationType(CommunicationTypeTestCase.java:193)
	at com.shop.app.server.service.organization.contactmanagement.CommunicationTypeTestCase.test5NegativeTesting(CommunicationTypeTestCase.java:232)
	at sun.reflect.NativeMethodAccessorImpl.invoke0(Native Method)
	at sun.reflect.NativeMethodAccessorImpl.invoke(NativeMethodAccessorImpl.java:57)
	at sun.reflect.DelegatingMethodAccessorImpl.invoke(DelegatingMethodAccessorImpl.java:43)
	at java.lang.reflect.Method.invoke(Method.java:606)
	at org.junit.runners.model.FrameworkMethod$1.runReflectiveCall(FrameworkMethod.java:47)
	at org.junit.internal.runners.model.ReflectiveCallable.run(ReflectiveCallable.java:12)
	at org.junit.runners.model.FrameworkMethod.invokeExplosively(FrameworkMethod.java:44)
	at org.junit.internal.runners.statements.InvokeMethod.evaluate(InvokeMethod.java:17)
	at org.junit.internal.runners.statements.RunBefores.evaluate(RunBefores.java:26)
	at org.springframework.test.context.junit4.statements.RunBeforeTestMethodCallbacks.evaluate(RunBeforeTestMethodCallbacks.java:74)
	at org.junit.internal.runners.statements.RunAfters.evaluate(RunAfters.java:27)
	at org.springframework.test.context.junit4.statements.RunAfterTestMethodCallbacks.evaluate(RunAfterTestMethodCallbacks.java:83)
	at org.springframework.test.context.junit4.statements.SpringRepeat.evaluate(SpringRepeat.java:72)
	at org.springframework.test.context.junit4.SpringJUnit4ClassRunner.runChild(SpringJUnit4ClassRunner.java:233)
	at org.springframework.test.context.junit4.SpringJUnit4ClassRunner.runChild(SpringJUnit4ClassRunner.java:87)
	at org.junit.runners.ParentRunner$3.run(ParentRunner.java:238)
	at org.junit.runners.ParentRunner$1.schedule(ParentRunner.java:63)
	at org.junit.runners.ParentRunner.runChildren(ParentRunner.java:236)
	at org.junit.runners.ParentRunner.access$000(ParentRunner.java:53)
	at org.junit.runners.ParentRunner$2.evaluate(ParentRunner.java:229)
	at org.junit.internal.runners.statements.RunBefores.evaluate(RunBefores.java:26)
	at org.springframework.test.context.junit4.statements.RunBeforeTestClassCallbacks.evaluate(RunBeforeTestClassCallbacks.java:61)
	at org.springframework.test.context.junit4.statements.RunAfterTestClassCallbacks.evaluate(RunAfterTestClassCallbacks.java:71)
	at org.junit.runners.ParentRunner.run(ParentRunner.java:309)
	at org.springframework.test.context.junit4.SpringJUnit4ClassRunner.run(SpringJUnit4ClassRunner.java:176)
	at org.gradle.api.internal.tasks.testing.junit.JUnitTestClassExecuter.runTestClass(JUnitTestClassExecuter.java:86)
	at org.gradle.api.internal.tasks.testing.junit.JUnitTestClassExecuter.execute(JUnitTestClassExecuter.java:49)
	at org.gradle.api.internal.tasks.testing.junit.JUnitTestClassProcessor.processTestClass(JUnitTestClassProcessor.java:64)
	at org.gradle.api.internal.tasks.testing.SuiteTestClassProcessor.processTestClass(SuiteTestClassProcessor.java:50)
	at sun.reflect.NativeMethodAccessorImpl.invoke0(Native Method)
	at sun.reflect.NativeMethodAccessorImpl.invoke(NativeMethodAccessorImpl.java:57)
	at sun.reflect.DelegatingMethodAccessorImpl.invoke(DelegatingMethodAccessorImpl.java:43)
	at java.lang.reflect.Method.invoke(Method.java:606)
	at org.gradle.messaging.dispatch.ReflectionDispatch.dispatch(ReflectionDispatch.java:35)
	at org.gradle.messaging.dispatch.ReflectionDispatch.dispatch(ReflectionDispatch.java:24)
	at org.gradle.messaging.dispatch.ContextClassLoaderDispatch.dispatch(ContextClassLoaderDispatch.java:32)
	at org.gradle.messaging.dispatch.ProxyDispatchAdapter$DispatchingInvocationHandler.invoke(ProxyDispatchAdapter.java:93)
	at com.sun.proxy.$Proxy2.processTestClass(Unknown Source)
	at org.gradle.api.internal.tasks.testing.worker.TestWorker.processTestClass(TestWorker.java:106)
	at sun.reflect.NativeMethodAccessorImpl.invoke0(Native Method)
	at sun.reflect.NativeMethodAccessorImpl.invoke(NativeMethodAccessorImpl.java:57)
	at sun.reflect.DelegatingMethodAccessorImpl.invoke(DelegatingMethodAccessorImpl.java:43)
	at java.lang.reflect.Method.invoke(Method.java:606)
	at org.gradle.messaging.dispatch.ReflectionDispatch.dispatch(ReflectionDispatch.java:35)
	at org.gradle.messaging.dispatch.ReflectionDispatch.dispatch(ReflectionDispatch.java:24)
	at org.gradle.messaging.remote.internal.hub.MessageHub$Handler.run(MessageHub.java:360)
	at org.gradle.internal.concurrent.DefaultExecutorFactory$StoppableExecutorImpl$1.run(DefaultExecutorFactory.java:64)
	at java.util.concurrent.ThreadPoolExecutor.runWorker(ThreadPoolExecutor.java:1145)
	at java.util.concurrent.ThreadPoolExecutor$Worker.run(ThreadPoolExecutor.java:615)
	at java.lang.Thread.run(Thread.java:745)
CommunicationType.commTypeDescription size must be between 0 and 256
java.lang.SecurityException: CommunicationType.commTypeDescription size must be between 0 and 256
	at com.athena.server.pluggable.utils.helper.EntityValidatorHelper.validateEntity(EntityValidatorHelper.java:37)
	at com.shop.app.shared.organization.contactmanagement.CommunicationType.isValid(CommunicationType.java:162)
	at com.shop.app.server.service.organization.contactmanagement.CommunicationTypeTestCase.validateCommunicationType(CommunicationTypeTestCase.java:193)
	at com.shop.app.server.service.organization.contactmanagement.CommunicationTypeTestCase.test5NegativeTesting(CommunicationTypeTestCase.java:237)
	at sun.reflect.NativeMethodAccessorImpl.invoke0(Native Method)
	at sun.reflect.NativeMethodAccessorImpl.invoke(NativeMethodAccessorImpl.java:57)
	at sun.reflect.DelegatingMethodAccessorImpl.invoke(DelegatingMethodAccessorImpl.java:43)
	at java.lang.reflect.Method.invoke(Method.java:606)
	at org.junit.runners.model.FrameworkMethod$1.runReflectiveCall(FrameworkMethod.java:47)
	at org.junit.internal.runners.model.ReflectiveCallable.run(ReflectiveCallable.java:12)
	at org.junit.runners.model.FrameworkMethod.invokeExplosively(FrameworkMethod.java:44)
	at org.junit.internal.runners.statements.InvokeMethod.evaluate(InvokeMethod.java:17)
	at org.junit.internal.runners.statements.RunBefores.evaluate(RunBefores.java:26)
	at org.springframework.test.context.junit4.statements.RunBeforeTestMethodCallbacks.evaluate(RunBeforeTestMethodCallbacks.java:74)
	at org.junit.internal.runners.statements.RunAfters.evaluate(RunAfters.java:27)
	at org.springframework.test.context.junit4.statements.RunAfterTestMethodCallbacks.evaluate(RunAfterTestMethodCallbacks.java:83)
	at org.springframework.test.context.junit4.statements.SpringRepeat.evaluate(SpringRepeat.java:72)
	at org.springframework.test.context.junit4.SpringJUnit4ClassRunner.runChild(SpringJUnit4ClassRunner.java:233)
	at org.springframework.test.context.junit4.SpringJUnit4ClassRunner.runChild(SpringJUnit4ClassRunner.java:87)
	at org.junit.runners.ParentRunner$3.run(ParentRunner.java:238)
	at org.junit.runners.ParentRunner$1.schedule(ParentRunner.java:63)
	at org.junit.runners.ParentRunner.runChildren(ParentRunner.java:236)
	at org.junit.runners.ParentRunner.access$000(ParentRunner.java:53)
	at org.junit.runners.ParentRunner$2.evaluate(ParentRunner.java:229)
	at org.junit.internal.runners.statements.RunBefores.evaluate(RunBefores.java:26)
	at org.springframework.test.context.junit4.statements.RunBeforeTestClassCallbacks.evaluate(RunBeforeTestClassCallbacks.java:61)
	at org.springframework.test.context.junit4.statements.RunAfterTestClassCallbacks.evaluate(RunAfterTestClassCallbacks.java:71)
	at org.junit.runners.ParentRunner.run(ParentRunner.java:309)
	at org.springframework.test.context.junit4.SpringJUnit4ClassRunner.run(SpringJUnit4ClassRunner.java:176)
	at org.gradle.api.internal.tasks.testing.junit.JUnitTestClassExecuter.runTestClass(JUnitTestClassExecuter.java:86)
	at org.gradle.api.internal.tasks.testing.junit.JUnitTestClassExecuter.execute(JUnitTestClassExecuter.java:49)
	at org.gradle.api.internal.tasks.testing.junit.JUnitTestClassProcessor.processTestClass(JUnitTestClassProcessor.java:64)
	at org.gradle.api.internal.tasks.testing.SuiteTestClassProcessor.processTestClass(SuiteTestClassProcessor.java:50)
	at sun.reflect.NativeMethodAccessorImpl.invoke0(Native Method)
	at sun.reflect.NativeMethodAccessorImpl.invoke(NativeMethodAccessorImpl.java:57)
	at sun.reflect.DelegatingMethodAccessorImpl.invoke(DelegatingMethodAccessorImpl.java:43)
	at java.lang.reflect.Method.invoke(Method.java:606)
	at org.gradle.messaging.dispatch.ReflectionDispatch.dispatch(ReflectionDispatch.java:35)
	at org.gradle.messaging.dispatch.ReflectionDispatch.dispatch(ReflectionDispatch.java:24)
	at org.gradle.messaging.dispatch.ContextClassLoaderDispatch.dispatch(ContextClassLoaderDispatch.java:32)
	at org.gradle.messaging.dispatch.ProxyDispatchAdapter$DispatchingInvocationHandler.invoke(ProxyDispatchAdapter.java:93)
	at com.sun.proxy.$Proxy2.processTestClass(Unknown Source)
	at org.gradle.api.internal.tasks.testing.worker.TestWorker.processTestClass(TestWorker.java:106)
	at sun.reflect.NativeMethodAccessorImpl.invoke0(Native Method)
	at sun.reflect.NativeMethodAccessorImpl.invoke(NativeMethodAccessorImpl.java:57)
	at sun.reflect.DelegatingMethodAccessorImpl.invoke(DelegatingMethodAccessorImpl.java:43)
	at java.lang.reflect.Method.invoke(Method.java:606)
	at org.gradle.messaging.dispatch.ReflectionDispatch.dispatch(ReflectionDispatch.java:35)
	at org.gradle.messaging.dispatch.ReflectionDispatch.dispatch(ReflectionDispatch.java:24)
	at org.gradle.messaging.remote.internal.hub.MessageHub$Handler.run(MessageHub.java:360)
	at org.gradle.internal.concurrent.DefaultExecutorFactory$StoppableExecutorImpl$1.run(DefaultExecutorFactory.java:64)
	at java.util.concurrent.ThreadPoolExecutor.runWorker(ThreadPoolExecutor.java:1145)
	at java.util.concurrent.ThreadPoolExecutor$Worker.run(ThreadPoolExecutor.java:615)
	at java.lang.Thread.run(Thread.java:745)
]]></system-err>
</testsuite>
